[18:57:51] [main/INFO]: Setting user: Player878
[18:57:57] [Client thread/INFO]: LWJGL Version: 2.9.1
[18:57:59] [Client thread/ERROR]: Couldn't initialize twitch stream
[18:58:29] [Client thread/INFO]: Reloading ResourceManager: Default, FMLFileResourcePack:Forge Mod Loader, FMLFileResourcePack:Minecraft Forge, FMLFileResourcePack:Screw Around Mod
[18:58:31] [Sound Library Loader/INFO]: Sound engine started
[18:58:36] [Client thread/INFO]: Created: 16x16 textures/blocks-atlas
[18:58:36] [Client thread/INFO]: Created: 16x16 textures/items-atlas
[18:58:36] [Client thread/INFO]: Reloading ResourceManager: Default, FMLFileResourcePack:Forge Mod Loader, FMLFileResourcePack:Minecraft Forge, FMLFileResourcePack:Screw Around Mod
[18:58:38] [Client thread/INFO]: Created: 512x256 textures/blocks-atlas
[18:58:38] [Client thread/INFO]: Created: 256x256 textures/items-atlas
[18:58:39] [Sound Library Loader/INFO]: Sound engine started
[18:58:48] [Server thread/INFO]: Starting integrated minecraft server version 1.7.10
[18:58:48] [Server thread/INFO]: Generating keypair
[18:58:50] [Server thread/INFO]: Preparing start region for level 0
[18:58:51] [Server thread/INFO]: Preparing spawn area: 18%
[18:58:52] [Server thread/INFO]: Changing view distance to 2, from 10
[18:58:54] [Server thread/INFO]: Player878[local:E:7b004f14] logged in with entity id 187 at (-1798.8229047024863, 4.0, 256.98589586273226)
[18:58:54] [Server thread/INFO]: Player878 joined the game
[18:58:57] [Server thread/WARN]: Can't keep up! Did the system time change, or is the server overloaded? Running 3365ms behind, skipping 67 tick(s)
[18:59:09] [Server thread/INFO]: Player878 has just earned the achievement [Taking Inventory]
[18:59:09] [Client thread/INFO]: [CHAT] Player878 has just earned the achievement [Taking Inventory]
[18:59:15] [Server thread/INFO]: Saving and pausing game...
[18:59:15] [Server thread/INFO]: Saving chunks for level 'New World'/Overworld
[18:59:15] [Server thread/INFO]: Saving chunks for level 'New World'/Nether
[18:59:15] [Server thread/INFO]: Saving chunks for level 'New World'/The End
[18:59:16] [Server thread/INFO]: Stopping server
[18:59:16] [Server thread/INFO]: Saving players
[18:59:16] [Server thread/INFO]: Saving worlds
[18:59:16] [Server thread/INFO]: Saving chunks for level 'New World'/Overworld
[18:59:16] [Server thread/INFO]: Saving chunks for level 'New World'/Nether
[18:59:16] [Server thread/INFO]: Saving chunks for level 'New World'/The End
[18:59:17] [Client thread/INFO]: Stopping!
